.build-tmp/app/outputs/mapping/release/seeds.txt
okhttp3.HttpUrl$Builder: okhttp3.HttpUrl$Builder removeAllQueryParameters(java.lang.String)
okhttp3.HttpUrl$Builder: void removeAllCanonicalQueryParameters(java.lang.String)
androidx.compose.ui.platform.AndroidComposeView: androidx.compose.ui.autofill.AutofillTree getAutofillTree()
androidx.compose.ui.autofill.AutofillApi23Helper: int addChildCount(android.view.ViewStructure,int)
androidx.core.app.AppOpsManagerCompat$Api29Impl: int checkOpNoThrow(android.app.AppOpsManager,java.lang.String,int,java.lang.String)
okhttp3.internal.http.HttpHeaders: boolean promisesBody(okhttp3.Response)
retrofit2.Platform: java.util.concurrent.Executor defaultCallbackExecutor()
retrofit2.RequestBuilder: void addPart(okhttp3.MultipartBody$Part)
okhttp3.internal.http2.Http2Reader$Handler: void headers(boolean,int,int,java.util.List)
okhttp3.Dispatcher: void finished(java.util.Deque,java.lang.Object)
com.example.engtest.data.loader.WordAssetLoader$resetDatabase$2: kotlin.coroutines.Continuation create(java.lang.Object,kotlin.coroutines.Continuation)
okhttp3.internal.connection.RealCall: boolean isCanceled()
okhttp3.internal.platform.android.DeferredSocketAdapter: okhttp3.internal.platform.android.SocketAdapter getDelegate(javax.net.ssl.SSLSocket)
okhttp3.CacheControl: int -deprecated_sMaxAgeSeconds()
okhttp3.Response: okhttp3.Response networkResponse()
retrofit2.ParameterHandler$FieldMap: void apply(retrofit2.RequestBuilder,java.util.Map)
retrofit2.converter.gson.GsonConverterFactory: GsonConverterFactory(com.google.gson.Gson)
com.google.gson.internal.bind.TypeAdapters$33: TypeAdapters$33(java.lang.Class,java.lang.Class,com.google.gson.TypeAdapter)
okhttp3.internal.http2.Http2Stream: int getId()
com.google.gson.internal.bind.JsonTreeWriter$1: void flush()
okhttp3.Request$Builder: okhttp3.RequestBody getBody$okhttp()
androidx.work.impl.background.systemalarm.ConstraintProxy$BatteryNotLowProxy: ConstraintProxy$BatteryNotLowProxy()
okhttp3.internal.http2.Http2Connection: void access$setAwaitPongsReceived$p(okhttp3.internal.http2.Http2Connection,long)
okhttp3.internal.http2.Http2Connection$ReaderRunnable: Http2Connection$ReaderRunnable(okhttp3.internal.http2.Http2Connection,okhttp3.internal.http2.Http2Reader)
okhttp3.CertificatePinner$Companion: java.lang.String pin(java.security.cert.Certificate)
com.google.gson.stream.JsonReader$1: JsonReader$1()
com.google.gson.internal.PreJava9DateFormatProvider: java.lang.String getTimePartOfDateTimePattern(int)
okhttp3.internal.Util: long toLongOrDefault(java.lang.String,long)
okhttp3.Response: java.lang.String -deprecated_message()
okhttp3.ConnectionSpec$Builder: okhttp3.ConnectionSpec$Builder allEnabledTlsVersions()
com.example.engtest.domain.model.SyncResult: java.lang.String getSourceVersion()
okhttp3.internal.cache.DiskLruCache$Editor: okio.Source newSource(int)
com.google.gson.internal.Streams: java.io.Writer writerForAppendable(java.lang.Appendable)
okhttp3.internal.http1.Http1ExchangeCodec: void flushRequest()
okhttp3.internal.http2.PushObserver: void onReset(int,okhttp3.internal.http2.ErrorCode)
okhttp3.internal.platform.Platform$Companion: okhttp3.internal.platform.Platform findJvmPlatform()
androidx.room.Index$Order: androidx.room.Index$Order valueOf(java.lang.String)
androidx.core.view.ViewCompat$Api21Impl: void stopNestedScroll(android.view.View)
com.google.gson.internal.GsonBuildConfig: GsonBuildConfig()
com.example.engtest.data.remote.model.DefinitionResponse: int hashCode()
com.google.gson.internal.bind.ReflectiveTypeAdapterFactory$Adapter: ReflectiveTypeAdapterFactory$Adapter(java.util.Map)
okhttp3.internal.platform.android.ConscryptSocketAdapter$Companion$factory$1: okhttp3.internal.platform.android.SocketAdapter create(javax.net.ssl.SSLSocket)
okhttp3.MultipartReader$Companion: MultipartReader$Companion()
okhttp3.Cache$RealCacheRequest$1: Cache$RealCacheRequest$1(okhttp3.Cache,okhttp3.Cache$RealCacheRequest,okio.Sink)