.build-tmp/app/outputs/mapping/release/usage.txt
androidx.compose.material.icons.sharp.EditNotificationsKt
androidx.compose.material.icons.sharp.EditOffKt
androidx.compose.material.icons.sharp.EditRoadKt
androidx.compose.material.icons.sharp.EggAltKt
androidx.compose.material.icons.sharp.EggKt
androidx.compose.material.icons.sharp.EjectKt
androidx.compose.material.icons.sharp.ElderlyKt
androidx.compose.material.icons.sharp.ElderlyWomanKt
androidx.compose.material.icons.sharp.ElectricBikeKt
androidx.compose.material.icons.sharp.ElectricBoltKt
androidx.compose.material.icons.sharp.ElectricCarKt
androidx.compose.material.icons.sharp.ElectricMeterKt
androidx.compose.material.icons.sharp.ElectricMopedKt
androidx.compose.material.icons.sharp.ElectricRickshawKt
androidx.compose.material.icons.sharp.ElectricScooterKt
androidx.compose.material.icons.sharp.ElectricalServicesKt
androidx.compose.material.icons.sharp.ElevatorKt
androidx.compose.material.icons.sharp.EmailKt
androidx.compose.material.icons.sharp.EmergencyKt
androidx.compose.material.icons.sharp.EmergencyRecordingKt
androidx.compose.material.icons.sharp.EmergencyShareKt
androidx.compose.material.icons.sharp.EmojiEmotionsKt
androidx.compose.material.icons.sharp.EmojiEventsKt
androidx.compose.material.icons.sharp.EmojiFlagsKt
androidx.compose.material.icons.sharp.EmojiFoodBeverageKt
androidx.compose.material.icons.sharp.EmojiNatureKt
androidx.compose.material.icons.sharp.EmojiObjectsKt
androidx.compose.material.icons.sharp.EmojiPeopleKt
androidx.compose.material.icons.sharp.EmojiSymbolsKt
androidx.compose.material.icons.sharp.EmojiTransportationKt
androidx.compose.material.icons.sharp.EnergySavingsLeafKt
androidx.compose.material.icons.sharp.EngineeringKt
androidx.compose.material.icons.sharp.EnhancedEncryptionKt
androidx.compose.material.icons.sharp.EqualizerKt
androidx.compose.material.icons.sharp.ErrorKt
androidx.compose.material.icons.sharp.ErrorOutlineKt
androidx.compose.material.icons.sharp.EscalatorKt
androidx.compose.material.icons.sharp.EscalatorWarningKt
androidx.compose.material.icons.sharp.EuroKt
androidx.compose.material.icons.sharp.EuroSymbolKt
androidx.compose.material.icons.sharp.EvStationKt
androidx.compose.material.icons.sharp.EventAvailableKt
androidx.compose.material.icons.sharp.EventBusyKt
androidx.compose.material.icons.sharp.EventKt
androidx.compose.material.icons.sharp.EventNoteKt
androidx.compose.material.icons.sharp.EventRepeatKt
androidx.compose.material.icons.sharp.EventSeatKt
androidx.compose.material.icons.sharp.ExitToAppKt
androidx.compose.material.icons.sharp.ExpandCircleDownKt
androidx.compose.material.icons.sharp.ExpandKt
androidx.compose.material.icons.sharp.ExpandLessKt
androidx.compose.material.icons.sharp.ExpandMoreKt
androidx.compose.material.icons.sharp.ExplicitKt
androidx.compose.material.icons.sharp.ExploreKt
androidx.compose.material.icons.sharp.ExploreOffKt
androidx.compose.material.icons.sharp.ExposureKt
androidx.compose.material.icons.sharp.ExposureNeg1Kt
androidx.compose.material.icons.sharp.ExposureNeg2Kt
androidx.compose.material.icons.sharp.ExposurePlus1Kt
androidx.compose.material.icons.sharp.ExposurePlus2Kt
androidx.compose.material.icons.sharp.ExposureZeroKt
androidx.compose.material.icons.sharp.ExtensionKt
androidx.compose.material.icons.sharp.ExtensionOffKt
androidx.compose.material.icons.sharp.Face2Kt
androidx.compose.material.icons.sharp.Face3Kt
androidx.compose.material.icons.sharp.Face4Kt
androidx.compose.material.icons.sharp.Face5Kt
androidx.compose.material.icons.sharp.Face6Kt
androidx.compose.material.icons.sharp.FaceKt
androidx.compose.material.icons.sharp.FaceRetouchingNaturalKt
androidx.compose.material.icons.sharp.FaceRetouchingOffKt
androidx.compose.material.icons.sharp.FacebookKt
androidx.compose.material.icons.sharp.FactCheckKt
androidx.compose.material.icons.sharp.FactoryKt
androidx.compose.material.icons.sharp.FamilyRestroomKt
androidx.compose.material.icons.sharp.FastForwardKt
androidx.compose.material.icons.sharp.FastRewindKt